[35m[Appium][39m Welcome to Appium v1.22.2
[35m[Appium][39m Non-default server args:
[35m[Appium][39m   port: 63935
[35m[Appium][39m   loglevel: info
[35m[Appium][39m   tmpDir: C:\Users\HUBERTUS\AppData\Local\Temp\\Katalon\Appium\Temp1645101857565
[35m[Appium][39m   chromedriverPort: 63936
[35m[Appium][39m Deprecated server args:
[35m[Appium][39m   [31m--chromedriver-port[39m => --default-capabilities
[35m[Appium][39m Default capabilities, which will be added to each request unless overridden by desired capabilities:
[35m[Appium][39m   chromedriverPort: 63936
[35m[Appium][39m Appium REST http interface listener started on 0.0.0.0:63935
[35m[HTTP][39m [37m-->[39m [37mGET[39m [37m/wd/hub/status[39m
[35m[HTTP][39m [90m{}[39m
[35m[HTTP][39m [37m<-- GET /wd/hub/status [39m[32m200[39m [90m7 ms - 68[39m
[35m[HTTP][39m [90m[39m
[35m[HTTP][39m [37m-->[39m [37mGET[39m [37m/wd/hub/status[39m
[35m[HTTP][39m [90m{}[39m
[35m[HTTP][39m [37m<-- GET /wd/hub/status [39m[32m200[39m [90m2 ms - 68[39m
[35m[HTTP][39m [90m[39m
[35m[HTTP][39m [37m-->[39m [37mPOST[39m [37m/wd/hub/session[39m
[35m[HTTP][39m [90m{"desiredCapabilities":{"app":"C:\\Users\\HUBERTUS\\Downloads\\Android.SauceLabs.Mobile.Sample.app.2.7.1.apk","noReset":true,"appWaitActivity":"*","deviceId":"","deviceName":"OPPO CPH1931 (Android 10)","fullReset":false,"platform":"ANDROID","newCommandTimeout":1800,"platformVersion":"10","automationName":"UiAutomator2","autoGrantPermissions":true,"platformName":"Android","udid":"619c9b5a","systemPort":63943},"capabilities":{"firstMatch":[{"appium:app":"C:\\Users\\HUBERTUS\\Downloads\\Android.SauceLabs.Mobile.Sample.app.2.7.1.apk","appium:appWaitActivity":"*","appium:autoGrantPermissions":true,"appium:automationName":"UiAutomator2","deviceId":"","appium:deviceName":"OPPO CPH1931 (Android 10)","appium:fullReset":false,"appium:newCommandTimeout":1800,"appium:noReset":true,"platform":"ANDROID","platformName":"android","appium:platformVersion":"10","appium:systemPort":63943,"appium:udid":"619c9b5a"}]}}[39m
[35m[BaseDriver][39m The following capabilities are not standard capabilities and should have an extension prefix:
[35m[BaseDriver][39m   deviceId
[35m[BaseDriver][39m   platform
[35m[BaseDriver][39m   chromedriverPort
[35m[Appium][39m Appium v1.22.2 creating new AndroidUiautomator2Driver (v1.70.1) session
[35m[BaseDriver][39m The following capabilities were provided, but are not recognized by Appium:
[35m[BaseDriver][39m   deviceId
[35m[BaseDriver][39m   platform
[35m[BaseDriver][39m Session created with session id: f3b3af5c-ab52-4f4d-9279-c8c19e888182
[35m[BaseDriver][39m Using local app 'C:\Users\HUBERTUS\Downloads\Android.SauceLabs.Mobile.Sample.app.2.7.1.apk'
[35m[ADB][39m Found 1 'build-tools' folders under 'C:\Users\HUBERTUS\.katalon\tools\android_sdk' (newest first):
[35m[ADB][39m     C:/Users/HUBERTUS/.katalon/tools/android_sdk/build-tools/29.0.3
[35m[ADB][39m Using 'adb.exe' from 'C:\Users\HUBERTUS\.katalon\tools\android_sdk\platform-tools\adb.exe'
[35m[AndroidDriver][39m Retrieving device list
[35m[AndroidDriver][39m Using device: 619c9b5a
[35m[ADB][39m Using 'adb.exe' from 'C:\Users\HUBERTUS\.katalon\tools\android_sdk\platform-tools\adb.exe'
[35m[ADB][39m Getting device platform version
[35m[UiAutomator2][39m Relaxing hidden api policy
[35m[ADB][39m Package name: 'com.swaglabsmobileapp'
[35m[ADB][39m Main activity name: 'com.swaglabsmobileapp.SplashActivity'
[35m[ADB][39m Using 'apksigner.jar' from 'C:\Users\HUBERTUS\.katalon\tools\android_sdk\build-tools\29.0.3\lib\apksigner.jar'
[35m[ADB][39m 'C:\Users\HUBERTUS\AppData\Roaming\npm\node_modules\appium\node_modules\appium-uiautomator2-server\apks\appium-uiautomator2-server-v4.27.0.apk' is signed with the default certificate
[35m[ADB][39m 'C:\Users\HUBERTUS\AppData\Roaming\npm\node_modules\appium\node_modules\appium-uiautomator2-server\apks\appium-uiautomator2-server-debug-androidTest.apk' is signed with the default certificate
[35m[UiAutomator2][39m Server packages are not going to be (re)installed
[35m[ADB][39m Adding packages ["io.appium.settings","io.appium.uiautomator2.server","io.appium.uiautomator2.server.test"] to Doze whitelist
[35m[ADB][39m 'C:\Users\HUBERTUS\Downloads\Android.SauceLabs.Mobile.Sample.app.2.7.1.apk' is signed with a non-default certificate
[35m[UiAutomator2][39m Starting UIAutomator2 server 4.27.0
[35m[UiAutomator2][39m Using UIAutomator2 server from 'C:\Users\HUBERTUS\AppData\Roaming\npm\node_modules\appium\node_modules\appium-uiautomator2-server\apks\appium-uiautomator2-server-v4.27.0.apk' and test from 'C:\Users\HUBERTUS\AppData\Roaming\npm\node_modules\appium\node_modules\appium-uiautomator2-server\apks\appium-uiautomator2-server-debug-androidTest.apk'
[35m[UiAutomator2][39m Waiting up to 30000ms for UiAutomator2 to be online...
[35m[WD Proxy][39m socket hang up
[35m[WD Proxy][39m socket hang up
[35m[WD Proxy][39m socket hang up
[35m[WD Proxy][39m socket hang up
[35m[WD Proxy][39m Determined the downstream protocol as 'W3C'
[35m[AndroidDriver][39m Screen already unlocked, doing nothing
[35m[UiAutomator2][39m Starting 'com.swaglabsmobileapp/com.swaglabsmobileapp.SplashActivity and waiting for 'com.swaglabsmobileapp/*'
[35m[Appium][39m New AndroidUiautomator2Driver session created successfully, session f3b3af5c-ab52-4f4d-9279-c8c19e888182 added to master session list
[35m[HTTP][39m [37m<-- POST /wd/hub/session [39m[32m200[39m [90m12359 ms - 1359[39m
[35m[HTTP][39m [90m[39m
[35m[HTTP][39m [37m-->[39m [37mGET[39m [37m/wd/hub/session/f3b3af5c-ab52-4f4d-9279-c8c19e888182[39m
[35m[HTTP][39m [90m{}[39m
[35m[HTTP][39m [37m<-- GET /wd/hub/session/f3b3af5c-ab52-4f4d-9279-c8c19e888182 [39m[32m200[39m [90m15 ms - 1313[39m
[35m[HTTP][39m [90m[39m
[35m[HTTP][39m [37m-->[39m [37mGET[39m [37m/wd/hub/session/f3b3af5c-ab52-4f4d-9279-c8c19e888182[39m
[35m[HTTP][39m [90m{}[39m
[35m[HTTP][39m [37m<-- GET /wd/hub/session/f3b3af5c-ab52-4f4d-9279-c8c19e888182 [39m[32m200[39m [90m17 ms - 1313[39m
[35m[HTTP][39m [90m[39m
[35m[HTTP][39m [37m-->[39m [37mGET[39m [37m/wd/hub/status[39m
[35m[HTTP][39m [90m{}[39m
[35m[HTTP][39m [37m<-- GET /wd/hub/status [39m[32m200[39m [90m1 ms - 68[39m
[35m[HTTP][39m [90m[39m
[35m[HTTP][39m [37m-->[39m [37mPOST[39m [37m/wd/hub/session/f3b3af5c-ab52-4f4d-9279-c8c19e888182/timeouts[39m
[35m[HTTP][39m [90m{"implicit":60000}[39m
[35m[HTTP][39m [37m<-- POST /wd/hub/session/f3b3af5c-ab52-4f4d-9279-c8c19e888182/timeouts [39m[32m200[39m [90m3 ms - 14[39m
[35m[HTTP][39m [90m[39m
[35m[HTTP][39m [37m-->[39m [37mGET[39m [37m/wd/hub/session/f3b3af5c-ab52-4f4d-9279-c8c19e888182/source[39m
[35m[HTTP][39m [90m{}[39m
[35m[W3C (f3b3af5c)][39m Driver proxy active, passing request on via HTTP proxy
[35m[WD Proxy][39m Replacing sessionId 0384ae38-1045-4e30-bfa7-1147e10e4bf4 with f3b3af5c-ab52-4f4d-9279-c8c19e888182
[35m[HTTP][39m [37m<-- GET /wd/hub/session/f3b3af5c-ab52-4f4d-9279-c8c19e888182/source [39m[32m200[39m [90m187 ms - 2776[39m
[35m[HTTP][39m [90m[39m
[35m[HTTP][39m [37m-->[39m [37mGET[39m [37m/wd/hub/session/f3b3af5c-ab52-4f4d-9279-c8c19e888182/screenshot[39m
[35m[HTTP][39m [90m{}[39m
[35m[HTTP][39m [37m<-- GET /wd/hub/session/f3b3af5c-ab52-4f4d-9279-c8c19e888182/screenshot [39m[32m200[39m [90m618 ms - 23996[39m
[35m[HTTP][39m [90m[39m
[35m[HTTP][39m [37m-->[39m [37mGET[39m [37m/wd/hub/session/f3b3af5c-ab52-4f4d-9279-c8c19e888182/source[39m
[35m[HTTP][39m [90m{}[39m
[35m[W3C (f3b3af5c)][39m Driver proxy active, passing request on via HTTP proxy
[35m[WD Proxy][39m Replacing sessionId 0384ae38-1045-4e30-bfa7-1147e10e4bf4 with f3b3af5c-ab52-4f4d-9279-c8c19e888182
[35m[HTTP][39m [37m<-- GET /wd/hub/session/f3b3af5c-ab52-4f4d-9279-c8c19e888182/source [39m[32m200[39m [90m549 ms - 30514[39m
[35m[HTTP][39m [90m[39m
[35m[HTTP][39m [37m-->[39m [37mGET[39m [37m/wd/hub/session/f3b3af5c-ab52-4f4d-9279-c8c19e888182/screenshot[39m
[35m[HTTP][39m [90m{}[39m
[35m[HTTP][39m [37m<-- GET /wd/hub/session/f3b3af5c-ab52-4f4d-9279-c8c19e888182/screenshot [39m[32m200[39m [90m922 ms - 973334[39m
[35m[HTTP][39m [90m[39m
[35m[HTTP][39m [37m-->[39m [37mPOST[39m [37m/wd/hub/session/f3b3af5c-ab52-4f4d-9279-c8c19e888182/elements[39m
[35m[HTTP][39m [90m{"using":"xpath","value":"//*[@class = 'android.widget.TextView' and (@text = 'Sauce Labs Bike Light' or . = 'Sauce Labs Bike Light')]"}[39m
[35m[HTTP][39m [37m<-- POST /wd/hub/session/f3b3af5c-ab52-4f4d-9279-c8c19e888182/elements [39m[32m200[39m [90m814 ms - 139[39m
[35m[HTTP][39m [90m[39m
[35m[HTTP][39m [37m-->[39m [37mGET[39m [37m/wd/hub/session/f3b3af5c-ab52-4f4d-9279-c8c19e888182/source[39m
[35m[HTTP][39m [90m{}[39m
[35m[W3C (f3b3af5c)][39m Driver proxy active, passing request on via HTTP proxy
[35m[WD Proxy][39m Replacing sessionId 0384ae38-1045-4e30-bfa7-1147e10e4bf4 with f3b3af5c-ab52-4f4d-9279-c8c19e888182
[35m[HTTP][39m [37m<-- GET /wd/hub/session/f3b3af5c-ab52-4f4d-9279-c8c19e888182/source [39m[32m200[39m [90m398 ms - 30514[39m
[35m[HTTP][39m [90m[39m
[35m[HTTP][39m [37m-->[39m [37mGET[39m [37m/wd/hub/session/f3b3af5c-ab52-4f4d-9279-c8c19e888182/screenshot[39m
[35m[HTTP][39m [90m{}[39m
[35m[HTTP][39m [37m<-- GET /wd/hub/session/f3b3af5c-ab52-4f4d-9279-c8c19e888182/screenshot [39m[32m200[39m [90m876 ms - 973564[39m
[35m[HTTP][39m [90m[39m
[35m[HTTP][39m [37m-->[39m [37mPOST[39m [37m/wd/hub/session/f3b3af5c-ab52-4f4d-9279-c8c19e888182/elements[39m
[35m[HTTP][39m [90m{"using":"xpath","value":"//*[@class = 'android.widget.TextView' and (@text = 'Sauce Labs Bolt T-Shirt' or . = 'Sauce Labs Bolt T-Shirt')]"}[39m
[35m[HTTP][39m [37m<-- POST /wd/hub/session/f3b3af5c-ab52-4f4d-9279-c8c19e888182/elements [39m[32m200[39m [90m352 ms - 139[39m
[35m[HTTP][39m [90m[39m
[35m[HTTP][39m [37m-->[39m [37mPOST[39m [37m/wd/hub/session/f3b3af5c-ab52-4f4d-9279-c8c19e888182/elements[39m
[35m[HTTP][39m [90m{"using":"xpath","value":"//*[@class = 'android.widget.TextView' and (@text = 'Sauce Labs Fleece Jacket' or . = 'Sauce Labs Fleece Jacket')]"}[39m
[35m[HTTP][39m [37m<-- POST /wd/hub/session/f3b3af5c-ab52-4f4d-9279-c8c19e888182/elements [39m[32m200[39m [90m301 ms - 139[39m
[35m[HTTP][39m [90m[39m
[35m[HTTP][39m [37m-->[39m [37mGET[39m [37m/wd/hub/session/f3b3af5c-ab52-4f4d-9279-c8c19e888182/source[39m
[35m[HTTP][39m [90m{}[39m
[35m[W3C (f3b3af5c)][39m Driver proxy active, passing request on via HTTP proxy
[35m[WD Proxy][39m Replacing sessionId 0384ae38-1045-4e30-bfa7-1147e10e4bf4 with f3b3af5c-ab52-4f4d-9279-c8c19e888182
[35m[HTTP][39m [37m<-- GET /wd/hub/session/f3b3af5c-ab52-4f4d-9279-c8c19e888182/source [39m[32m200[39m [90m480 ms - 36831[39m
[35m[HTTP][39m [90m[39m
[35m[HTTP][39m [37m-->[39m [37mGET[39m [37m/wd/hub/session/f3b3af5c-ab52-4f4d-9279-c8c19e888182/screenshot[39m
[35m[HTTP][39m [90m{}[39m
[35m[HTTP][39m [37m<-- GET /wd/hub/session/f3b3af5c-ab52-4f4d-9279-c8c19e888182/screenshot [39m[32m200[39m [90m674 ms - 367476[39m
[35m[HTTP][39m [90m[39m
[35m[HTTP][39m [37m-->[39m [37mPOST[39m [37m/wd/hub/session/f3b3af5c-ab52-4f4d-9279-c8c19e888182/elements[39m
[35m[HTTP][39m [90m{"using":"xpath","value":"//*[@class = 'android.widget.TextView' and (@text = 'Sauce Labs Onesie' or . = 'Sauce Labs Onesie')]"}[39m
[35m[HTTP][39m [37m<-- POST /wd/hub/session/f3b3af5c-ab52-4f4d-9279-c8c19e888182/elements [39m[32m200[39m [90m344 ms - 139[39m
[35m[HTTP][39m [90m[39m
[35m[HTTP][39m [37m-->[39m [37mPOST[39m [37m/wd/hub/session/f3b3af5c-ab52-4f4d-9279-c8c19e888182/elements[39m
[35m[HTTP][39m [90m{"using":"xpath","value":"//*[@class = 'android.widget.TextView' and (@text = 'Test.allTheThings() T-Shirt (Red)' or . = 'Test.allTheThings() T-Shirt (Red)')]"}[39m
[35m[HTTP][39m [37m<-- POST /wd/hub/session/f3b3af5c-ab52-4f4d-9279-c8c19e888182/elements [39m[32m200[39m [90m276 ms - 139[39m
[35m[HTTP][39m [90m[39m
[35m[BaseDriver][39m Shutting down because we waited 1800 seconds for a command
[35m[Appium][39m Closing session, cause was 'New Command Timeout of 1800 seconds expired. Try customizing the timeout using the 'newCommandTimeout' desired capability'
[35m[Appium][39m Removing session 'f3b3af5c-ab52-4f4d-9279-c8c19e888182' from our master session list
[35m[UiAutomator2][39m Did not get confirmation UiAutomator2 deleteSession worked; Error was: UnknownError: An unknown server-side error occurred while processing the command. Original error: 'DELETE /' cannot be proxied to UiAutomator2 server because the instrumentation process is not running (probably crashed). Check the server log and/or the logcat output for more details
[35m[UiAutomator2][39m Restoring hidden api policy to the device default configuration
